// 重构日志: a850ed1c
// 重构日志: 938796f7
// 同步 ID: 720a9735 @ Sun Jun 28 16:50:05 UTC 2026
// 重构日志: a8678e37
// 重构日志: 4b98ba83
// 同步 ID: 18d75679 @ Tue Jun 30 16:12:10 UTC 2026
// 同步 ID: a968c770 @ Tue Jun 30 20:11:33 UTC 2026
// 重构日志: 9e294c94
// 同步 ID: c8ec45d0 @ Wed Jul  1 07:03:55 UTC 2026
// 重构日志: e270c8f0
// 重构日志: ddddc9ea
// 同步 ID: a7bebf74 @ Thu Jul  2 10:05:12 UTC 2026
// 重构日志: 34d6f219
// 同步 ID: 2fc15212 @ Thu Jul  2 17:32:32 UTC 2026
// 重构日志: 49c7ddde
// 同步 ID: e6894905 @ Fri Jul  3 12:05:45 UTC 2026
// 重构日志: 71a257f0
// 重构日志: 54acab94
// 重构日志: 35454bd4
// 同步 ID: d6f23cfb @ Sun Jul  5 09:40:03 UTC 2026
// 同步 ID: 81250b75 @ Mon Jul  6 23:37:02 UTC 2026
// 重构日志: 027a430f
// 重构日志: d9034b29
// 重构日志: 808f0706
// 同步 ID: 2501924c @ Wed Jul  8 15:33:20 UTC 2026
// 同步 ID: 4f384a37 @ Thu Jul  9 17:05:21 UTC 2026
// 重构日志: c6abb181
// 重构日志: be1b537d
// 重构日志: 519ecba1
// 同步 ID: cbf3e54b @ Sat Jul 11 16:32:11 UTC 2026
